[debug] [2024-09-16T00:54:07.793Z] ----------------------------------------------------------------------
[debug] [2024-09-16T00:54:07.796Z] Command:       /usr/local/nvm/versions/node/v20.17.0/bin/node /usr/local/node_packages/node_modules/.bin/firebase init
[debug] [2024-09-16T00:54:07.796Z] CLI Version:   13.13.3
[debug] [2024-09-16T00:54:07.797Z] Platform:      linux
[debug] [2024-09-16T00:54:07.797Z] Node Version:  v20.17.0
[debug] [2024-09-16T00:54:07.797Z] Time:          Mon Sep 16 2024 00:54:07 GMT+0000 (Coordinated Universal Time)
[debug] [2024-09-16T00:54:07.797Z] ----------------------------------------------------------------------
[debug] 
[debug] [2024-09-16T00:54:07.803Z] > command requires scopes: ["email","openid","https://www.googleapis.com/auth/cloudplatformprojects.readonly","https://www.googleapis.com/auth/firebase","https://www.googleapis.com/auth/cloud-platform"]
[info] 
     ######## #### ########  ######## ########     ###     ######  ########
     ##        ##  ##     ## ##       ##     ##  ##   ##  ##       ##
     ######    ##  ########  ######   ########  #########  ######  ######
     ##        ##  ##    ##  ##       ##     ## ##     ##       ## ##
     ##       #### ##     ## ######## ########  ##     ##  ######  ########

You're about to initialize a Firebase project in this directory:

  /home/itsupport/whatsapp-facebook-pos-system

[info] 
=== Project Setup
[info] 
[info] First, let's associate this project directory with a Firebase project.
[info] You can create multiple project aliases by running firebase use --add, 
[info] but for now we'll just set up a default project.
[info] 
[debug] [2024-09-16T00:54:19.789Z] >>> [apiv2][query] GET https://firebase.googleapis.com/v1beta1/availableProjects pageSize=100
[debug] [2024-09-16T00:54:20.183Z] <<< [apiv2][status] GET https://firebase.googleapis.com/v1beta1/availableProjects 200
[debug] [2024-09-16T00:54:20.184Z] <<< [apiv2][body] GET https://firebase.googleapis.com/v1beta1/availableProjects [omitted]
[debug] [2024-09-16T00:54:33.004Z] >>> [apiv2][query] POST https://firebase.googleapis.com/v1beta1/projects/symmetric-ace-435618-e5:addFirebase [none]
[debug] [2024-09-16T00:54:33.447Z] <<< [apiv2][status] POST https://firebase.googleapis.com/v1beta1/projects/symmetric-ace-435618-e5:addFirebase 403
[debug] [2024-09-16T00:54:33.447Z] <<< [apiv2][body] POST https://firebase.googleapis.com/v1beta1/projects/symmetric-ace-435618-e5:addFirebase {"error":{"code":403,"message":"The caller does not have permission","status":"PERMISSION_DENIED"}}
[debug] [2024-09-16T00:54:33.448Z] HTTP Error: 403, The caller does not have permission
[debug] [2024-09-16T00:54:33.466Z] FirebaseError: HTTP Error: 403, The caller does not have permission
    at responseToError (/usr/local/node_packages/node_modules/firebase-tools/lib/responseToError.js:49:12)
    at RetryOperation._fn (/usr/local/node_packages/node_modules/firebase-tools/lib/apiv2.js:305:77)
    at process.processTicksAndRejections (node:internal/process/task_queues:95:5)
[error] 
[error] Error: Failed to add Firebase to Google Cloud Platform project. See firebase-debug.log for more info.
[debug] [2024-09-16T00:54:52.555Z] ----------------------------------------------------------------------
[debug] [2024-09-16T00:54:52.557Z] Command:       /usr/local/nvm/versions/node/v20.17.0/bin/node /usr/local/node_packages/node_modules/.bin/firebase login
[debug] [2024-09-16T00:54:52.558Z] CLI Version:   13.13.3
[debug] [2024-09-16T00:54:52.558Z] Platform:      linux
[debug] [2024-09-16T00:54:52.558Z] Node Version:  v20.17.0
[debug] [2024-09-16T00:54:52.558Z] Time:          Mon Sep 16 2024 00:54:52 GMT+0000 (Coordinated Universal Time)
[debug] [2024-09-16T00:54:52.559Z] ----------------------------------------------------------------------
[debug] 
[info] i  Firebase optionally collects CLI and Emulator Suite usage and error reporting information to help improve our products. Data is collected in accordance with Google's privacy policy (https://policies.google.com/privacy) and is not used to identify you.
 
[info] i  To change your data collection preference at any time, run `firebase logout` and log in again. 
[info] 
[info] Visit this URL on this device to log in:
[info] https://accounts.google.com/o/oauth2/auth?client_id=563584335869-fgrhgmd47bqnekij5i8b5pr03ho849e6.apps.googleusercontent.com&scope=email%20openid%20https%3A%2F%2Fwww.googleapis.com%2Fauth%2Fcloudplatformprojects.readonly%20https%3A%2F%2Fwww.googleapis.com%2Fauth%2Ffirebase%20https%3A%2F%2Fwww.googleapis.com%2Fauth%2Fcloud-platform&response_type=code&state=130457642&redirect_uri=http%3A%2F%2Flocalhost%3A9005
[info] 
[info] Waiting for authentication...
